#
# A fatal error has been detected by the Java Runtime Environment:
#
#  EXCEPTION_ACCESS_VIOLATION (0xc0000005) at pc=0x00007ff959a4990c, pid=16780, tid=0x00000000000031f8
#
# JRE version: Java(TM) SE Runtime Environment (8.0_381) (build 1.8.0_381-b09)
# Java VM: Java HotSpot(TM) 64-Bit Server VM (25.381-b09 mixed mode windows-amd64 compressed oops)
# Problematic frame:
# C  [ig11icd64.dll+0x5f990c]
#
# Failed to write core dump. Minidumps are not enabled by default on client versions of Windows
#
# If you would like to submit a bug report, please visit:
#   http://bugreport.java.com/bugreport/crash.jsp
#

---------------  T H R E A D  ---------------

Current thread (0x000002c0a2f74800):  VMThread [stack: 0x000000e4c9000000,0x000000e4c9100000] [id=12792]

siginfo: ExceptionCode=0xc0000005, reading address 0x0000000000035788

Registers:
RAX=0x000002c0a5417d98, RBX=0x000002c0a5417c90, RCX=0x0000000000000000, RDX=0x000002c0a3efa6d0
RSP=0x000000e4c90fe730, RBP=0x000002c0a5100120, RSI=0x000002c0a5418260, RDI=0x000002c0a5013dd0
R8 =0x0000000000000014, R9 =0x000002c0a5417d98, R10=0x0000000000000000, R11=0x0000000000000246
R12=0x000002c0a5069800, R13=0x0000000000000000, R14=0x0000000000000000, R15=0x0000000000000000
RIP=0x00007ff959a4990c, EFLAGS=0x0000000000010202

Top of Stack: (sp=0x000000e4c90fe730)
0x000000e4c90fe730:   000002c0a3f609d0 0000000000000000
0x000000e4c90fe740:   000000e4c90fe778 0000005400000000
0x000000e4c90fe750:   0000000000000010 0000000000000000
0x000000e4c90fe760:   00000001002e0000 000002c0a50698a0
0x000000e4c90fe770:   0000000000000000 00007ff959a2aaed
0x000000e4c90fe780:   000002c0a3f609d0 000002c0a5013dd0
0x000000e4c90fe790:   000000e4c90fe880 000000000003dec3
0x000000e4c90fe7a0:   000000e400001560 0000000000000000
0x000000e4c90fe7b0:   0000000000000000 0000000000000000
0x000000e4c90fe7c0:   000002c0a506dde0 00007ff95948e860
0x000000e4c90fe7d0:   0000000000000000 0000000000000000
0x000000e4c90fe7e0:   0000000000000000 0000000000000000
0x000000e4c90fe7f0:   0000000000001002 000002c08eed0150
0x000000e4c90fe800:   0000000000001002 0000000000001002
0x000000e4c90fe810:   0000000000000080 000002c004000602
0x000000e4c90fe820:   000002c08eed7b20 00007ff9a076e249 

Instructions: (pc=0x00007ff959a4990c)
0x00007ff959a498ec:   8b c1 83 e0 0f 48 8d 04 c0 49 8d 04 c1 48 85 c0
0x00007ff959a498fc:   74 0c 48 8b 48 08 eb 08 48 83 c0 08 eb ef 33 c9
0x00007ff959a4990c:   49 3b 8e 88 57 03 00 76 51 48 8b 87 78 02 00 00
0x00007ff959a4991c:   48 89 06 48 89 9f 78 02 00 00 ff 87 80 02 00 00 


Register to memory mapping:

RAX=0x000002c0a5417d98 is an unknown value
RBX=0x000002c0a5417c90 is an unknown value
RCX=0x0000000000000000 is an unknown value
RDX=0x000002c0a3efa6d0 is an unknown value
RSP=0x000000e4c90fe730 is an unknown value
RBP=0x000002c0a5100120 is an unknown value
RSI=0x000002c0a5418260 is an unknown value
RDI=0x000002c0a5013dd0 is an unknown value
R8 =0x0000000000000014 is an unknown value
R9 =0x000002c0a5417d98 is an unknown value
R10=0x0000000000000000 is an unknown value
R11=0x0000000000000246 is an unknown value
R12=0x000002c0a5069800 is an unknown value
R13=0x0000000000000000 is an unknown value
R14=0x0000000000000000 is an unknown value
R15=0x0000000000000000 is an unknown value


Stack: [0x000000e4c9000000,0x000000e4c9100000],  sp=0x000000e4c90fe730,  free space=1017k
Native frames: (J=compiled Java code, j=interpreted, Vv=VM code, C=native code)
C  [ig11icd64.dll+0x5f990c]
C  [ig11icd64.dll+0x5daaed]
C  [ig11icd64.dll+0x6d43cf]
C  [ig11icd64.dll+0x6391e8]
C  [ig11icd64.dll+0x6d0989]
C  [ig11icd64.dll+0x5d5b30]
C  [ig11icd64.dll+0x5d5979]
C  [ig11icd64.dll+0x585dfb]
C  [ntdll.dll+0x19a1d]
C  [ntdll.dll+0x5dcda]
C  [ntdll.dll+0x5da8d]
C  [KERNEL32.DLL+0x1e3bb]
C  [ucrtbase.dll+0x205bc]
C  [ucrtbase.dll+0x2045f]
V  [jvm.dll+0x21baa5]
V  [jvm.dll+0x2594b6]
V  [jvm.dll+0x259a77]
V  [jvm.dll+0x25819f]
V  [jvm.dll+0x258928]
V  [jvm.dll+0x258bf4]
V  [jvm.dll+0x2accec]
C  [ucrtbase.dll+0x21bb2]
C  [KERNEL32.DLL+0x17344]
C  [ntdll.dll+0x526b1]

VM_Operation (0x000000e4c9dfcf30): Exit, mode: safepoint, requested by thread 0x000002c0a3f09800


---------------  P R O C E S S  ---------------

Java Threads: ( => current thread )
  0x000002c0a5303800 JavaThread "LWJGL Timer" daemon [_thread_blocked, id=504, stack(0x000000e4ca800000,0x000000e4ca900000)]
  0x000002c0a3f09800 JavaThread "AWT-EventQueue-0" [_thread_blocked, id=156, stack(0x000000e4c9d00000,0x000000e4c9e00000)]
  0x000002c0a3ed4000 JavaThread "AWT-Shutdown" [_thread_blocked, id=16052, stack(0x000000e4c9b00000,0x000000e4c9c00000)]
  0x000002c0a3e73800 JavaThread "Java2D Disposer" daemon [_thread_blocked, id=7044, stack(0x000000e4c9a00000,0x000000e4c9b00000)]
  0x000002c0a301a000 JavaThread "Service Thread" daemon [_thread_blocked, id=10072, stack(0x000000e4c9800000,0x000000e4c9900000)]
  0x000002c0a3014800 JavaThread "C1 CompilerThread2" daemon [_thread_blocked, id=9264, stack(0x000000e4c9700000,0x000000e4c9800000)]
  0x000002c0a3013800 JavaThread "C2 CompilerThread1" daemon [_thread_blocked, id=9128, stack(0x000000e4c9600000,0x000000e4c9700000)]
  0x000002c0a2fb8800 JavaThread "C2 CompilerThread0" daemon [_thread_blocked, id=10144, stack(0x000000e4c9500000,0x000000e4c9600000)]
  0x000002c0a2fb7800 JavaThread "Attach Listener" daemon [_thread_blocked, id=7144, stack(0x000000e4c9400000,0x000000e4c9500000)]
  0x000002c0a2fb6800 JavaThread "Signal Dispatcher" daemon [_thread_blocked, id=11236, stack(0x000000e4c9300000,0x000000e4c9400000)]
  0x000002c0a2868000 JavaThread "Finalizer" daemon [_thread_blocked, id=16624, stack(0x000000e4c9200000,0x000000e4c9300000)]
  0x000002c0a2f96000 JavaThread "Reference Handler" daemon [_thread_blocked, id=10296, stack(0x000000e4c9100000,0x000000e4c9200000)]
  0x000002c08ef03800 JavaThread "Main Thread" [_thread_blocked, id=12948, stack(0x000000e4c8b00000,0x000000e4c8c00000)]

Other Threads:
=>0x000002c0a2f74800 VMThread [stack: 0x000000e4c9000000,0x000000e4c9100000] [id=12792]

VM state:at safepoint (shutting down)

VM Mutex/Monitor currently owned by a thread:  ([mutex/lock_event])
[0x000002c08ef00700] Threads_lock - owner thread: 0x000002c0a2f74800

heap address: 0x00000000c2c00000, size: 980 MB, Compressed Oops mode: 32-bit
Narrow klass base: 0x0000000000000000, Narrow klass shift: 3
Compressed class space size: 1073741824 Address: 0x0000000100000000

Heap:
 PSYoungGen      total 137728K, used 77052K [0x00000000eb980000, 0x00000000f9500000, 0x0000000100000000)
  eden space 126976K, 60% used [0x00000000eb980000,0x00000000f049f020,0x00000000f3580000)
  from space 10752K, 1% used [0x00000000f3580000,0x00000000f35a0000,0x00000000f4000000)
  to   space 10752K, 0% used [0x00000000f8a80000,0x00000000f8a80000,0x00000000f9500000)
 ParOldGen       total 42496K, used 13459K [0x00000000c2c00000, 0x00000000c5580000, 0x00000000eb980000)
  object space 42496K, 31% used [0x00000000c2c00000,0x00000000c3924ec8,0x00000000c5580000)
 Metaspace       used 11267K, capacity 11419K, committed 11520K, reserved 1058816K
  class space    used 1208K, capacity 1278K, committed 1280K, reserved 1048576K

Card table byte_map: [0x000002c09fb80000,0x000002c09fd70000] byte_map_base: 0x000002c09f56a000

Marking Bits: (ParMarkBitMap*) 0x00007ff958c56040
 Begin Bits: [0x000002c09fec0000, 0x000002c0a0e10000)
 End Bits:   [0x000002c0a0e10000, 0x000002c0a1d60000)

Polling page: 0x000002c090790000

CodeCache: size=245760Kb used=3639Kb max_used=3639Kb free=242120Kb
 bounds [0x000002c0907c0000, 0x000002c090b60000, 0x000002c09f7c0000]
 total_blobs=1583 nmethods=1000 adapters=497
 compilation: enabled

Compilation events (10 events):
Event: 6.449 Thread 0x000002c0a3014800  996       3       org.lwjgl.opengl.WindowsDisplayPeerInfo::doLockAndInitHandle (1 bytes)
Event: 6.450 Thread 0x000002c0a3014800 nmethod 996 0x000002c090b4efd0 code [0x000002c090b4f120, 0x000002c090b4f278]
Event: 6.450 Thread 0x000002c0a3014800  997       3       org.lwjgl.opengl.WindowsDisplayPeerInfo::doUnlock (1 bytes)
Event: 6.450 Thread 0x000002c0a3014800 nmethod 997 0x000002c090b4ec90 code [0x000002c090b4ede0, 0x000002c090b4ef38]
Event: 6.465 Thread 0x000002c0a3014800  998   !   3       org.lwjgl.input.Mouse::poll (215 bytes)
Event: 6.467 Thread 0x000002c0a3014800 nmethod 998 0x000002c090b4f590 code [0x000002c090b4f880, 0x000002c090b51010]
Event: 6.467 Thread 0x000002c0a3014800  999       3       org.lwjgl.opengl.WindowsDisplay::pollMouse (10 bytes)
Event: 6.468 Thread 0x000002c0a3014800 nmethod 999 0x000002c090b4e850 code [0x000002c090b4e9c0, 0x000002c090b4ebd0]
Event: 6.500 Thread 0x000002c0a3014800 1000       3       java.nio.DirectByteBuffer::put (126 bytes)
Event: 6.502 Thread 0x000002c0a3014800 nmethod 1000 0x000002c090b4dc10 code [0x000002c090b4dde0, 0x000002c090b4e530]

GC Heap History (10 events):
Event: 3.076 GC heap before
{Heap before GC invocations=5 (full 0):
 PSYoungGen      total 34304K, used 34274K [0x00000000eb980000, 0x00000000edd80000, 0x0000000100000000)
  eden space 31744K, 100% used [0x00000000eb980000,0x00000000ed880000,0x00000000ed880000)
  from space 2560K, 98% used [0x00000000edb00000,0x00000000edd78a58,0x00000000edd80000)
  to   space 2560K, 0% used [0x00000000ed880000,0x00000000ed880000,0x00000000edb00000)
 ParOldGen       total 42496K, used 10940K [0x00000000c2c00000, 0x00000000c5580000, 0x00000000eb980000)
  object space 42496K, 25% used [0x00000000c2c00000,0x00000000c36af2d8,0x00000000c5580000)
 Metaspace       used 11159K, capacity 11291K, committed 11520K, reserved 1058816K
  class space    used 1202K, capacity 1278K, committed 1280K, reserved 1048576K
Event: 3.082 GC heap after
Heap after GC invocations=5 (full 0):
 PSYoungGen      total 34304K, used 2514K [0x00000000eb980000, 0x00000000f0d80000, 0x0000000100000000)
  eden space 31744K, 0% used [0x00000000eb980000,0x00000000eb980000,0x00000000ed880000)
  from space 2560K, 98% used [0x00000000ed880000,0x00000000edaf4a48,0x00000000edb00000)
  to   space 11264K, 0% used [0x00000000f0280000,0x00000000f0280000,0x00000000f0d80000)
 ParOldGen       total 42496K, used 10940K [0x00000000c2c00000, 0x00000000c5580000, 0x00000000eb980000)
  object space 42496K, 25% used [0x00000000c2c00000,0x00000000c36af2d8,0x00000000c5580000)
 Metaspace       used 11159K, capacity 11291K, committed 11520K, reserved 1058816K
  class space    used 1202K, capacity 1278K, committed 1280K, reserved 1048576K
}
Event: 3.360 GC heap before
{Heap before GC invocations=6 (full 0):
 PSYoungGen      total 34304K, used 34258K [0x00000000eb980000, 0x00000000f0d80000, 0x0000000100000000)
  eden space 31744K, 100% used [0x00000000eb980000,0x00000000ed880000,0x00000000ed880000)
  from space 2560K, 98% used [0x00000000ed880000,0x00000000edaf4a48,0x00000000edb00000)
  to   space 11264K, 0% used [0x00000000f0280000,0x00000000f0280000,0x00000000f0d80000)
 ParOldGen       total 42496K, used 10940K [0x00000000c2c00000, 0x00000000c5580000, 0x00000000eb980000)
  object space 42496K, 25% used [0x00000000c2c00000,0x00000000c36af2d8,0x00000000c5580000)
 Metaspace       used 11162K, capacity 11291K, committed 11520K, reserved 1058816K
  class space    used 1202K, capacity 1278K, committed 1280K, reserved 1048576K
Event: 3.364 GC heap after
Heap after GC invocations=6 (full 0):
 PSYoungGen      total 73728K, used 2578K [0x00000000eb980000, 0x00000000f0c80000, 0x0000000100000000)
  eden space 63488K, 0% used [0x00000000eb980000,0x00000000eb980000,0x00000000ef780000)
  from space 10240K, 25% used [0x00000000f0280000,0x00000000f0504a68,0x00000000f0c80000)
  to   space 10752K, 0% used [0x00000000ef780000,0x00000000ef780000,0x00000000f0200000)
 ParOldGen       total 42496K, used 10940K [0x00000000c2c00000, 0x00000000c5580000, 0x00000000eb980000)
  object space 42496K, 25% used [0x00000000c2c00000,0x00000000c36af2d8,0x00000000c5580000)
 Metaspace       used 11162K, capacity 11291K, committed 11520K, reserved 1058816K
  class space    used 1202K, capacity 1278K, committed 1280K, reserved 1048576K
}
Event: 3.975 GC heap before
{Heap before GC invocations=7 (full 0):
 PSYoungGen      total 73728K, used 66066K [0x00000000eb980000, 0x00000000f0c80000, 0x0000000100000000)
  eden space 63488K, 100% used [0x00000000eb980000,0x00000000ef780000,0x00000000ef780000)
  from space 10240K, 25% used [0x00000000f0280000,0x00000000f0504a68,0x00000000f0c80000)
  to   space 10752K, 0% used [0x00000000ef780000,0x00000000ef780000,0x00000000f0200000)
 ParOldGen       total 42496K, used 10940K [0x00000000c2c00000, 0x00000000c5580000, 0x00000000eb980000)
  object space 42496K, 25% used [0x00000000c2c00000,0x00000000c36af2d8,0x00000000c5580000)
 Metaspace       used 11203K, capacity 11419K, committed 11520K, reserved 1058816K
  class space    used 1203K, capacity 1278K, committed 1280K, reserved 1048576K
Event: 3.981 GC heap after
Heap after GC invocations=7 (full 0):
 PSYoungGen      total 74240K, used 160K [0x00000000eb980000, 0x00000000f4a80000, 0x0000000100000000)
  eden space 63488K, 0% used [0x00000000eb980000,0x00000000eb980000,0x00000000ef780000)
  from space 10752K, 1% used [0x00000000ef780000,0x00000000ef7a8000,0x00000000f0200000)
  to   space 10752K, 0% used [0x00000000f4000000,0x00000000f4000000,0x00000000f4a80000)
 ParOldGen       total 42496K, used 13443K [0x00000000c2c00000, 0x00000000c5580000, 0x00000000eb980000)
  object space 42496K, 31% used [0x00000000c2c00000,0x00000000c3920ec8,0x00000000c5580000)
 Metaspace       used 11203K, capacity 11419K, committed 11520K, reserved 1058816K
  class space    used 1203K, capacity 1278K, committed 1280K, reserved 1048576K
}
Event: 4.554 GC heap before
{Heap before GC invocations=8 (full 0):
 PSYoungGen      total 74240K, used 63648K [0x00000000eb980000, 0x00000000f4a80000, 0x0000000100000000)
  eden space 63488K, 100% used [0x00000000eb980000,0x00000000ef780000,0x00000000ef780000)
  from space 10752K, 1% used [0x00000000ef780000,0x00000000ef7a8000,0x00000000f0200000)
  to   space 10752K, 0% used [0x00000000f4000000,0x00000000f4000000,0x00000000f4a80000)
 ParOldGen       total 42496K, used 13443K [0x00000000c2c00000, 0x00000000c5580000, 0x00000000eb980000)
  object space 42496K, 31% used [0x00000000c2c00000,0x00000000c3920ec8,0x00000000c5580000)
 Metaspace       used 11218K, capacity 11419K, committed 11520K, reserved 1058816K
  class space    used 1203K, capacity 1278K, committed 1280K, reserved 1048576K
Event: 4.555 GC heap after
Heap after GC invocations=8 (full 0):
 PSYoungGen      total 137728K, used 96K [0x00000000eb980000, 0x00000000f4a80000, 0x0000000100000000)
  eden space 126976K, 0% used [0x00000000eb980000,0x00000000eb980000,0x00000000f3580000)
  from space 10752K, 0% used [0x00000000f4000000,0x00000000f4018000,0x00000000f4a80000)
  to   space 10752K, 0% used [0x00000000f3580000,0x00000000f3580000,0x00000000f4000000)
 ParOldGen       total 42496K, used 13451K [0x00000000c2c00000, 0x00000000c5580000, 0x00000000eb980000)
  object space 42496K, 31% used [0x00000000c2c00000,0x00000000c3922ec8,0x00000000c5580000)
 Metaspace       used 11218K, capacity 11419K, committed 11520K, reserved 1058816K
  class space    used 1203K, capacity 1278K, committed 1280K, reserved 1048576K
}
Event: 5.755 GC heap before
{Heap before GC invocations=9 (full 0):
 PSYoungGen      total 137728K, used 127072K [0x00000000eb980000, 0x00000000f4a80000, 0x0000000100000000)
  eden space 126976K, 100% used [0x00000000eb980000,0x00000000f3580000,0x00000000f3580000)
  from space 10752K, 0% used [0x00000000f4000000,0x00000000f4018000,0x00000000f4a80000)
  to   space 10752K, 0% used [0x00000000f3580000,0x00000000f3580000,0x00000000f4000000)
 ParOldGen       total 42496K, used 13451K [0x00000000c2c00000, 0x00000000c5580000, 0x00000000eb980000)
  object space 42496K, 31% used [0x00000000c2c00000,0x00000000c3922ec8,0x00000000c5580000)
 Metaspace       used 11232K, capacity 11419K, committed 11520K, reserved 1058816K
  class space    used 1203K, capacity 1278K, committed 1280K, reserved 1048576K
Event: 5.756 GC heap after
Heap after GC invocations=9 (full 0):
 PSYoungGen      total 137728K, used 128K [0x00000000eb980000, 0x00000000f9500000, 0x0000000100000000)
  eden space 126976K, 0% used [0x00000000eb980000,0x00000000eb980000,0x00000000f3580000)
  from space 10752K, 1% used [0x00000000f3580000,0x00000000f35a0000,0x00000000f4000000)
  to   space 10752K, 0% used [0x00000000f8a80000,0x00000000f8a80000,0x00000000f9500000)
 ParOldGen       total 42496K, used 13459K [0x00000000c2c00000, 0x00000000c5580000, 0x00000000eb980000)
  object space 42496K, 31% used [0x00000000c2c00000,0x00000000c3924ec8,0x00000000c5580000)
 Metaspace       used 11232K, capacity 11419K, committed 11520K, reserved 1058816K
  class space    used 1203K, capacity 1278K, committed 1280K, reserved 1048576K
}

Deoptimization events (10 events):
Event: 2.191 Thread 0x000002c08ef03800 Uncommon trap: reason=unstable_if action=reinterpret pc=0x000002c090a2c3ec method=java.awt.image.ComponentColorModel.getRGB(Ljava/lang/Object;)I @ 4
Event: 2.191 Thread 0x000002c08ef03800 Uncommon trap: reason=unstable_if action=reinterpret pc=0x000002c090a2e310 method=java.awt.image.ComponentColorModel.getAlpha(Ljava/lang/Object;)I @ 4
Event: 2.191 Thread 0x000002c08ef03800 Uncommon trap: reason=unstable_if action=reinterpret pc=0x000002c090a2a118 method=java.awt.image.ComponentColorModel.extractComponent(Ljava/lang/Object;II)I @ 4
Event: 2.357 Thread 0x000002c0a540d800 Uncommon trap: reason=unstable_if action=reinterpret pc=0x000002c090a934f8 method=java.util.HashMap.getNode(ILjava/lang/Object;)Ljava/util/HashMap$Node; @ 62
Event: 2.358 Thread 0x000002c0a540d800 Uncommon trap: reason=bimorphic action=maybe_recompile pc=0x000002c090a90f00 method=java.util.HashMap.putVal(ILjava/lang/Object;Ljava/lang/Object;ZZ)Ljava/lang/Object; @ 91
Event: 2.453 Thread 0x000002c08ef03800 Uncommon trap: reason=unstable_if action=reinterpret pc=0x000002c090ad1344 method=java.util.ArrayList.indexOf(Ljava/lang/Object;)I @ 41
Event: 2.453 Thread 0x000002c08ef03800 Uncommon trap: reason=unstable_if action=reinterpret pc=0x000002c090ad3090 method=java.util.ArrayList.indexOf(Ljava/lang/Object;)I @ 41
Event: 2.914 Thread 0x000002c0a5633000 Uncommon trap: reason=unstable_if action=reinterpret pc=0x000002c090ad4d04 method=net.oikmo.engine.entity.Camera$1.run()V @ 137
Event: 6.398 Thread 0x000002c0a5633000 Uncommon trap: reason=unstable_if action=reinterpret pc=0x000002c090b04124 method=net.oikmo.engine.entity.Camera$1.run()V @ 267
Event: 6.398 Thread 0x000002c0a540d800 Uncommon trap: reason=predicate action=maybe_recompile pc=0x000002c090ad7f08 method=net.oikmo.engine.world.World$1.run()V @ 167

Classes redefined (0 events):
No events

Internal exceptions (10 events):
Event: 0.404 Thread 0x000002c08ef03800 Exception <a 'java/io/FileNotFoundException'> (0x00000000ebbff740) thrown at [C:\jenkins\workspace\8-2-build-windows-x64-cygwin-sans-NAS\jdk8u381\237\hotspot\src\share\vm\prims\jni.cpp, line 710]
Event: 1.950 Thread 0x000002c08ef03800 Exception <a 'java/security/PrivilegedActionException'> (0x00000000ec17c358) thrown at [C:\jenkins\workspace\8-2-build-windows-x64-cygwin-sans-NAS\jdk8u381\237\hotspot\src\share\vm\prims\jvm.cpp, line 1513]
Event: 1.950 Thread 0x000002c08ef03800 Exception <a 'java/security/PrivilegedActionException'> (0x00000000ec17df40) thrown at [C:\jenkins\workspace\8-2-build-windows-x64-cygwin-sans-NAS\jdk8u381\237\hotspot\src\share\vm\prims\jvm.cpp, line 1513]
Event: 1.950 Thread 0x000002c08ef03800 Exception <a 'java/security/PrivilegedActionException'> (0x00000000ec17f060) thrown at [C:\jenkins\workspace\8-2-build-windows-x64-cygwin-sans-NAS\jdk8u381\237\hotspot\src\share\vm\prims\jvm.cpp, line 1513]
Event: 1.951 Thread 0x000002c08ef03800 Exception <a 'java/security/PrivilegedActionException'> (0x00000000ec184180) thrown at [C:\jenkins\workspace\8-2-build-windows-x64-cygwin-sans-NAS\jdk8u381\237\hotspot\src\share\vm\prims\jvm.cpp, line 1513]
Event: 1.951 Thread 0x000002c08ef03800 Exception <a 'java/security/PrivilegedActionException'> (0x00000000ec184dd8) thrown at [C:\jenkins\workspace\8-2-build-windows-x64-cygwin-sans-NAS\jdk8u381\237\hotspot\src\share\vm\prims\jvm.cpp, line 1513]
Event: 1.951 Thread 0x000002c08ef03800 Exception <a 'java/security/PrivilegedActionException'> (0x00000000ec185a00) thrown at [C:\jenkins\workspace\8-2-build-windows-x64-cygwin-sans-NAS\jdk8u381\237\hotspot\src\share\vm\prims\jvm.cpp, line 1513]
Event: 1.951 Thread 0x000002c08ef03800 Exception <a 'java/security/PrivilegedActionException'> (0x00000000ec186de0) thrown at [C:\jenkins\workspace\8-2-build-windows-x64-cygwin-sans-NAS\jdk8u381\237\hotspot\src\share\vm\prims\jvm.cpp, line 1513]
Event: 1.951 Thread 0x000002c08ef03800 Exception <a 'java/security/PrivilegedActionException'> (0x00000000ec187a38) thrown at [C:\jenkins\workspace\8-2-build-windows-x64-cygwin-sans-NAS\jdk8u381\237\hotspot\src\share\vm\prims\jvm.cpp, line 1513]
Event: 1.951 Thread 0x000002c08ef03800 Exception <a 'java/security/PrivilegedActionException'> (0x00000000ec188660) thrown at [C:\jenkins\workspace\8-2-build-windows-x64-cygwin-sans-NAS\jdk8u381\237\hotspot\src\share\vm\prims\jvm.cpp, line 1513]

Events (10 events):
Event: 6.405 Thread 0x000002c0a540d800 Thread exited: 0x000002c0a540d800
Event: 6.405 loading class java/util/WeakHashMap$KeyIterator
Event: 6.405 loading class java/util/WeakHashMap$HashIterator
Event: 6.405 loading class java/util/WeakHashMap$HashIterator done
Event: 6.405 loading class java/util/WeakHashMap$KeyIterator done
Event: 6.405 Thread 0x000002c0ab21a800 Thread exited: 0x000002c0ab21a800
Event: 6.413 Thread 0x000002c0a5633000 Thread exited: 0x000002c0a5633000
Event: 6.444 Thread 0x000002c0a3edd800 Thread exited: 0x000002c0a3edd800
Event: 6.506 Thread 0x000002c0a30b2800 Thread exited: 0x000002c0a30b2800
Event: 6.507 Executing VM operation: Exit


Dynamic libraries:
0x00007ff7ea650000 - 0x00007ff7ea69a000 	C:\Program Files\Java\jdk-1.8\bin\javaw.exe
0x00007ff9a0750000 - 0x00007ff9a0948000 	C:\Windows\SYSTEM32\ntdll.dll
0x00007ff9a01b0000 - 0x00007ff9a026d000 	C:\Windows\System32\KERNEL32.DLL
0x00007ff99df70000 - 0x00007ff99e266000 	C:\Windows\System32\KERNELBASE.dll
0x00007ff99ee70000 - 0x00007ff99ef23000 	C:\Windows\System32\ADVAPI32.dll
0x00007ff99e790000 - 0x00007ff99e82e000 	C:\Windows\System32\msvcrt.dll
0x00007ff9a0670000 - 0x00007ff9a070f000 	C:\Windows\System32\sechost.dll
0x00007ff99f400000 - 0x00007ff99f526000 	C:\Windows\System32\RPCRT4.dll
0x00007ff99e270000 - 0x00007ff99e297000 	C:\Windows\System32\bcrypt.dll
0x00007ff99f150000 - 0x00007ff99f2ee000 	C:\Windows\System32\USER32.dll
0x00007ff99e350000 - 0x00007ff99e372000 	C:\Windows\System32\win32u.dll
0x00007ff9a0310000 - 0x00007ff9a033b000 	C:\Windows\System32\GDI32.dll
0x00007ff99e380000 - 0x00007ff99e497000 	C:\Windows\System32\gdi32full.dll
0x00007ff99e6f0000 - 0x00007ff99e78d000 	C:\Windows\System32\msvcp_win.dll
0x00007ff99e4a0000 - 0x00007ff99e5a0000 	C:\Windows\System32\ucrtbase.dll
0x00007ff98d5a0000 - 0x00007ff98d83a000 	C:\Windows\WinSxS\amd64_microsoft.windows.common-controls_6595b64144ccf1df_6.0.19041.3636_none_60b6a03d71f818d5\COMCTL32.dll
0x00007ff99f530000 - 0x00007ff99f562000 	C:\Windows\System32\IMM32.DLL
0x00007ff994400000 - 0x00007ff99441b000 	C:\Program Files\Java\jdk-1.8\jre\bin\vcruntime140.dll
0x00007ff994450000 - 0x00007ff99445c000 	C:\Program Files\Java\jdk-1.8\jre\bin\vcruntime140_1.dll
0x00007ff969e40000 - 0x00007ff969ece000 	C:\Program Files\Java\jdk-1.8\jre\bin\msvcp140.dll
0x00007ff958420000 - 0x00007ff958cd0000 	C:\Program Files\Java\jdk-1.8\jre\bin\server\jvm.dll
0x00007ff99f2f0000 - 0x00007ff99f2f8000 	C:\Windows\System32\PSAPI.DLL
0x00007ff98bb10000 - 0x00007ff98bb19000 	C:\Windows\SYSTEM32\WSOCK32.dll
0x00007ff99f9f0000 - 0x00007ff99fa5b000 	C:\Windows\System32\WS2_32.dll
0x00007ff994570000 - 0x00007ff99457a000 	C:\Windows\SYSTEM32\VERSION.dll
0x00007ff98d3e0000 - 0x00007ff98d407000 	C:\Windows\SYSTEM32\WINMM.dll
0x00007ff99c650000 - 0x00007ff99c662000 	C:\Windows\SYSTEM32\kernel.appcore.dll
0x00007ff9943f0000 - 0x00007ff994400000 	C:\Program Files\Java\jdk-1.8\jre\bin\verify.dll
0x00007ff9843b0000 - 0x00007ff9843db000 	C:\Program Files\Java\jdk-1.8\jre\bin\java.dll
0x00007ff984600000 - 0x00007ff984618000 	C:\Program Files\Java\jdk-1.8\jre\bin\zip.dll
0x00007ff99fa60000 - 0x00007ff9a01a5000 	C:\Windows\System32\SHELL32.dll
0x00007ff99bea0000 - 0x00007ff99c63c000 	C:\Windows\SYSTEM32\windows.storage.dll
0x00007ff99f690000 - 0x00007ff99f9e4000 	C:\Windows\System32\combase.dll
0x00007ff99d7d0000 - 0x00007ff99d7fe000 	C:\Windows\SYSTEM32\Wldp.dll
0x00007ff9a05a0000 - 0x00007ff9a066d000 	C:\Windows\System32\OLEAUT32.dll
0x00007ff99ed60000 - 0x00007ff99ee0d000 	C:\Windows\System32\SHCORE.dll
0x00007ff99f0f0000 - 0x00007ff99f145000 	C:\Windows\System32\shlwapi.dll
0x00007ff99dd40000 - 0x00007ff99dd65000 	C:\Windows\SYSTEM32\profapi.dll
0x00007ff954190000 - 0x00007ff95430e000 	C:\Program Files\Java\jdk-1.8\jre\bin\awt.dll
0x00007ff99b340000 - 0x00007ff99b3d0000 	C:\Windows\SYSTEM32\apphelp.dll
0x00007ff99b620000 - 0x00007ff99b64f000 	C:\Windows\system32\DWMAPI.DLL
0x00007ff99b440000 - 0x00007ff99b4de000 	C:\Windows\system32\uxtheme.dll
0x00007ff96a970000 - 0x00007ff96aa95000 	C:\Windows\system32\opengl32.dll
0x00007ff96f260000 - 0x00007ff96f28c000 	C:\Windows\SYSTEM32\GLU32.dll
0x00007ff99f570000 - 0x00007ff99f684000 	C:\Windows\System32\MSCTF.dll
0x00007ff99ef30000 - 0x00007ff99f05b000 	C:\Windows\System32\ole32.dll
0x00007ff99e660000 - 0x00007ff99e6e2000 	C:\Windows\System32\bcryptPrimitives.dll
0x00007ff984650000 - 0x00007ff98469f000 	C:\Program Files\Java\jdk-1.8\jre\bin\fontmanager.dll
0x00007ff9806f0000 - 0x00007ff9807e9000 	C:\Windows\SYSTEM32\textinputframework.dll
0x00007ff99b060000 - 0x00007ff99b152000 	C:\Windows\System32\CoreMessaging.dll
0x00007ff99ad00000 - 0x00007ff99b05b000 	C:\Windows\System32\CoreUIComponents.dll
0x00007ff99cf40000 - 0x00007ff99cf73000 	C:\Windows\SYSTEM32\ntmarta.dll
0x00007ff99a630000 - 0x00007ff99a785000 	C:\Windows\SYSTEM32\wintypes.dll
0x00007ff994dc0000 - 0x00007ff994e26000 	C:\Windows\system32\Oleacc.dll
0x0000000180000000 - 0x0000000180051000 	C:\Users\Oikmo\workspace\BlockBase\libraries\native\windows\lwjgl64.dll
0x00007ff995190000 - 0x00007ff99523e000 	C:\Windows\SYSTEM32\mscms.dll
0x00007ff99dcc0000 - 0x00007ff99dcee000 	C:\Windows\SYSTEM32\USERENV.dll
0x00007ff995120000 - 0x00007ff995131000 	C:\Windows\SYSTEM32\ColorAdapterClient.dll
0x00007ff9a04f0000 - 0x00007ff9a0599000 	C:\Windows\System32\clbcatq.dll
0x00007ff97d710000 - 0x00007ff97d753000 	C:\Windows\System32\Windows.Internal.Graphics.Display.DisplayColorManagement.dll
0x00007ff99e5a0000 - 0x00007ff99e5ee000 	C:\Windows\System32\cfgmgr32.dll
0x00007ff9930c0000 - 0x00007ff9931c2000 	C:\Windows\System32\AppXDeploymentClient.dll
0x00007ff959450000 - 0x00007ff95a56a000 	C:\Windows\System32\DriverStore\FileRepository\iigd_dch.inf_amd64_0f12908b4ff13ff7\ig11icd64.dll
0x00007ff99c6c0000 - 0x00007ff99c7b3000 	C:\Windows\system32\dxgi.dll
0x00007ff95bc70000 - 0x00007ff95bd9c000 	C:\Windows\System32\DriverStore\FileRepository\iigd_dch.inf_amd64_0f12908b4ff13ff7\igdml64.dll
0x00007ff97d300000 - 0x00007ff97d709000 	C:\Windows\System32\DriverStore\FileRepository\iigd_dch.inf_amd64_0f12908b4ff13ff7\igdgmm64.dll
0x00007ff9770e0000 - 0x00007ff977123000 	C:\Windows\SYSTEM32\icm32.dll
0x00007ff9796f0000 - 0x00007ff97ce84000 	C:\Windows\System32\DriverStore\FileRepository\iigd_dch.inf_amd64_0f12908b4ff13ff7\igc64.dll
0x00007ff99dbc0000 - 0x00007ff99dc0b000 	C:\Windows\SYSTEM32\powrprof.dll
0x00007ff99db30000 - 0x00007ff99db42000 	C:\Windows\SYSTEM32\UMPDC.dll
0x00007ff995040000 - 0x00007ff995047000 	C:\Program Files\Java\jdk-1.8\jre\bin\jawt.dll
0x00007ff99d730000 - 0x00007ff99d748000 	C:\Windows\SYSTEM32\CRYPTSP.dll
0x00007ff99ce00000 - 0x00007ff99ce34000 	C:\Windows\system32\rsaenh.dll
0x00007ff99d720000 - 0x00007ff99d72c000 	C:\Windows\SYSTEM32\CRYPTBASE.dll
0x00007ff9804e0000 - 0x00007ff9804fc000 	C:\Program Files\Java\jdk-1.8\jre\bin\net.dll
0x00007ff99d4d0000 - 0x00007ff99d53a000 	C:\Windows\system32\mswsock.dll
0x00007ff99d1c0000 - 0x00007ff99d1fb000 	C:\Windows\SYSTEM32\IPHLPAPI.DLL
0x00007ff99f3f0000 - 0x00007ff99f3f8000 	C:\Windows\System32\NSI.dll
0x00007ff993080000 - 0x00007ff993097000 	C:\Windows\SYSTEM32\dhcpcsvc6.DLL
0x00007ff993060000 - 0x00007ff99307d000 	C:\Windows\SYSTEM32\dhcpcsvc.DLL
0x00007ff99d200000 - 0x00007ff99d2cb000 	C:\Windows\SYSTEM32\DNSAPI.dll
0x00007ff9944d0000 - 0x00007ff9944e3000 	C:\Program Files\Java\jdk-1.8\jre\bin\nio.dll
0x000002c0aacb0000 - 0x000002c0aad14000 	C:\Users\Oikmo\workspace\BlockBase\libraries\native\windows\OpenAL64.dll
0x00007ff991ee0000 - 0x00007ff991f65000 	C:\Windows\System32\MMDevApi.dll
0x00007ff99db50000 - 0x00007ff99db83000 	C:\Windows\System32\DEVOBJ.dll
0x00007ff95c1d0000 - 0x00007ff95c26c000 	C:\Windows\SYSTEM32\dsound.dll
0x00007ff98eb70000 - 0x00007ff98eb96000 	C:\Windows\SYSTEM32\winmmbase.dll
0x00007ff991550000 - 0x00007ff9916d2000 	C:\Windows\SYSTEM32\AUDIOSES.DLL
0x00007ff99b520000 - 0x00007ff99b534000 	C:\Windows\SYSTEM32\resourcepolicyclient.dll
0x00007ff99bbb0000 - 0x00007ff99bd94000 	C:\Windows\SYSTEM32\dbghelp.dll

VM Arguments:
jvm_args: -Djava.library.path=C:\Users\Oikmo\workspace\BlockBase\libraries\native\windows -Dfile.encoding=windows-1252 
java_command: net.oikmo.main.Main
java_class_path (initial): C:\Users\Oikmo\workspace\BlockBase\bin;C:\Users\Oikmo\workspace\BlockBase\libraries\jar\commons-io-2.11.0.jar;C:\Users\Oikmo\workspace\BlockBase\libraries\jar\lwjgl.jar;C:\Users\Oikmo\workspace\BlockBase\libraries\jar\PNGDecoder.jar
Launcher Type: SUN_STANDARD

Environment Variables:
JAVA_HOME=C:\Program Files\Java\jdk-1.8
PATH=C:\Windows\system32;C:\Windows;C:\Windows\System32\Wbem;C:\Windows\System32\WindowsPowerShell\v1.0\;C:\Windows\System32\OpenSSH\;C:\Program Files\WezTerm;C:\Program Files\Git\cmd;C:\Program Files (x86)\Windows Kits\10\Windows Performance Toolkit\;C:\Program Files\dotnet\;C:\Program Files\Go\bin;C:\Program Files\Java\jdk-1.8\bin\;C:\Program Files (x86)\eID_klient\;C:\Program Files (x86)\eID_klient\redist_x64\;C:\Users\Oikmo\AppData\Local\Programs\Python\Python310\Scripts\;C:\Users\Oikmo\AppData\Local\Programs\Python\Python310\;C:\Users\Oikmo\AppData\Local\Programs\Python\Python311\Scripts\;C:\Users\Oikmo\AppData\Local\Programs\Python\Python311\;C:\Users\Oikmo\AppData\Local\Microsoft\WindowsApps;C:\Program Files\Java\jdk-1.8\bin;C:\Users\Oikmo\AppData\Local\GitHubDesktop\bin;C:\Program Files\Vim\vim90;C:\MinGW\bin;C:\Users\Oikmo\AppData\Local\bin\NASM;C:\make\bin;C:\Program Files\qemu;C:\Users\Oikmo\AppData\Local\Programs\Microsoft VS Code\bin;C://UnLockCatch/tools/vcruntime;C:\Users\Oikmo\.dotnet\tools;C:\Users\Oikmo\go\bin
USERNAME=Oikmo
OS=Windows_NT
PROCESSOR_IDENTIFIER=Intel64 Family 6 Model 156 Stepping 0, GenuineIntel



---------------  S Y S T E M  ---------------

OS: Windows 10 , 64 bit Build 19041 (10.0.19041.3636)

CPU:total 4 (initial active 4) (4 cores per cpu, 1 threads per core) family 6 model 156 stepping 0, cmov, cx8, fxsr, mmx, sse, sse2, sse3, ssse3, sse4.1, sse4.2, popcnt, aes, clmul, erms, 3dnowpref, tsc, tscinvbit

Memory: 4k page, physical 4008632k(426792k free), swap 10534004k(3636532k free)

vm_info: Java HotSpot(TM) 64-Bit Server VM (25.381-b09) for windows-amd64 JRE (1.8.0_381-b09), built on Jun 14 2023 13:50:38 by "java_re" with MS VC++ 17.1 (VS2022)

time: Fri Mar 29 01:00:10 2024
timezone: GMT Standard Time
elapsed time: 6.577468 seconds (0d 0h 0m 6s)

