#
# A fatal error has been detected by the Java Runtime Environment:
#
#  EXCEPTION_ACCESS_VIOLATION (0xc0000005) at pc=0x00007ffb159c990c, pid=25328, tid=0x00000000000041f4
#
# JRE version: Java(TM) SE Runtime Environment (8.0_381) (build 1.8.0_381-b09)
# Java VM: Java HotSpot(TM) 64-Bit Server VM (25.381-b09 mixed mode windows-amd64 compressed oops)
# Problematic frame:
# C  [ig11icd64.dll+0x5f990c]
#
# Failed to write core dump. Minidumps are not enabled by default on client versions of Windows
#
# If you would like to submit a bug report, please visit:
#   http://bugreport.java.com/bugreport/crash.jsp
#

---------------  T H R E A D  ---------------

Current thread (0x00000220a6a64800):  VMThread [stack: 0x000000a075b00000,0x000000a075c00000] [id=16884]

siginfo: ExceptionCode=0xc0000005, reading address 0x0000000000035788

Registers:
RAX=0x00000220a82168a8, RBX=0x00000220a82167a0, RCX=0x0000000000000000, RDX=0x00000220a7d4f800
RSP=0x000000a075bfe3f0, RBP=0x00000220ca108420, RSI=0x00000220a8216d70, RDI=0x00000220a7ee3a00
R8 =0x0000000000000014, R9 =0x00000220a82168a8, R10=0x0000000000000000, R11=0x0000000000000246
R12=0x00000220a7e82d00, R13=0x0000000000000000, R14=0x0000000000000000, R15=0x0000000000000000
RIP=0x00007ffb159c990c, EFLAGS=0x0000000000010202

Top of Stack: (sp=0x000000a075bfe3f0)
0x000000a075bfe3f0:   00000220a7d82240 027edcdc022bf4cf
0x000000a075bfe400:   000000a075bfe438 0000005400000000
0x000000a075bfe410:   0000000000000010 0000000000000000
0x000000a075bfe420:   0000000100130000 00000220a7e82d60
0x000000a075bfe430:   0000000000000000 00007ffb159aaaed
0x000000a075bfe440:   00000220a7d82240 00000220a7ee3a00
0x000000a075bfe450:   000000a075bfe540 000000000056b794
0x000000a075bfe460:   000000a000018f98 000000a000000000
0x000000a075bfe470:   0000000000000000 00007ffb6914c7bc
0x000000a075bfe480:   0000000000000000 0000000000000000
0x000000a075bfe490:   000000a075bfe4e1 000000a075bfe5c0
0x000000a075bfe4a0:   000000a075bfe4fc 000000a075bfe4f8
0x000000a075bfe4b0:   0000000000000000 0000000300000002
0x000000a075bfe4c0:   000004b400000002 0000000000000000
0x000000a075bfe4d0:   000002209278179c 0000000300000020
0x000000a075bfe4e0:   0000000000000000 0000000300000002 

Instructions: (pc=0x00007ffb159c990c)
0x00007ffb159c98ec:   8b c1 83 e0 0f 48 8d 04 c0 49 8d 04 c1 48 85 c0
0x00007ffb159c98fc:   74 0c 48 8b 48 08 eb 08 48 83 c0 08 eb ef 33 c9
0x00007ffb159c990c:   49 3b 8e 88 57 03 00 76 51 48 8b 87 78 02 00 00
0x00007ffb159c991c:   48 89 06 48 89 9f 78 02 00 00 ff 87 80 02 00 00 


Register to memory mapping:

RAX=0x00000220a82168a8 is an unknown value
RBX=0x00000220a82167a0 is an unknown value
RCX=0x0000000000000000 is an unknown value
RDX=0x00000220a7d4f800 is an unknown value
RSP=0x000000a075bfe3f0 is an unknown value
RBP=0x00000220ca108420 is an unknown value
RSI=0x00000220a8216d70 is an unknown value
RDI=0x00000220a7ee3a00 is an unknown value
R8 =0x0000000000000014 is an unknown value
R9 =0x00000220a82168a8 is an unknown value
R10=0x0000000000000000 is an unknown value
R11=0x0000000000000246 is an unknown value
R12=0x00000220a7e82d00 is an unknown value
R13=0x0000000000000000 is an unknown value
R14=0x0000000000000000 is an unknown value
R15=0x0000000000000000 is an unknown value


Stack: [0x000000a075b00000,0x000000a075c00000],  sp=0x000000a075bfe3f0,  free space=1016k
Native frames: (J=compiled Java code, j=interpreted, Vv=VM code, C=native code)
C  [ig11icd64.dll+0x5f990c]
C  [ig11icd64.dll+0x5daaed]
C  [ig11icd64.dll+0x6d43cf]
C  [ig11icd64.dll+0x6391e8]
C  [ig11icd64.dll+0x6d0989]
C  [ig11icd64.dll+0x5d5b30]
C  [ig11icd64.dll+0x5d5979]
C  [ig11icd64.dll+0x585dfb]
C  [ntdll.dll+0x19a1d]
C  [ntdll.dll+0x5dcda]
C  [ntdll.dll+0x5da8d]
C  [KERNEL32.DLL+0x1e3bb]
C  [ucrtbase.dll+0x205bc]
C  [ucrtbase.dll+0x2045f]
V  [jvm.dll+0x21baa5]
V  [jvm.dll+0x2594b6]
V  [jvm.dll+0x259a77]
V  [jvm.dll+0x25819f]
V  [jvm.dll+0x258928]
V  [jvm.dll+0x258bf4]
V  [jvm.dll+0x2accec]
C  [ucrtbase.dll+0x21bb2]
C  [KERNEL32.DLL+0x17344]
C  [ntdll.dll+0x526b1]

VM_Operation (0x000000a0769fd030): Exit, mode: safepoint, requested by thread 0x00000220a7a35800


---------------  P R O C E S S  ---------------

Java Threads: ( => current thread )
  0x00000220ae057000 JavaThread "Chunk Creator" [_thread_blocked, id=1880, stack(0x000000a077400000,0x000000a077500000)]
  0x00000220ae053800 JavaThread "Music Player (BG)" [_thread_blocked, id=11120, stack(0x000000a077300000,0x000000a077400000)]
  0x00000220a82bf800 JavaThread "Thread-6" [_thread_blocked, id=5044, stack(0x000000a077000000,0x000000a077100000)]
  0x00000220a82be800 JavaThread "Thread-5" [_thread_blocked, id=3124, stack(0x000000a076f00000,0x000000a077000000)]
  0x00000220a7a35800 JavaThread "AWT-EventQueue-0" [_thread_blocked, id=4868, stack(0x000000a076900000,0x000000a076a00000)]
  0x00000220a79e6800 JavaThread "AWT-Shutdown" [_thread_blocked, id=14008, stack(0x000000a076600000,0x000000a076700000)]
  0x00000220a79e2800 JavaThread "Java2D Disposer" daemon [_thread_blocked, id=18044, stack(0x000000a076500000,0x000000a076600000)]
  0x00000220a6b26800 JavaThread "Service Thread" daemon [_thread_blocked, id=3024, stack(0x000000a076300000,0x000000a076400000)]
  0x00000220a6ace800 JavaThread "C1 CompilerThread2" daemon [_thread_blocked, id=13864, stack(0x000000a076200000,0x000000a076300000)]
  0x00000220a6ab4000 JavaThread "C2 CompilerThread1" daemon [_thread_blocked, id=5748, stack(0x000000a076100000,0x000000a076200000)]
  0x00000220a6aac000 JavaThread "C2 CompilerThread0" daemon [_thread_blocked, id=18116, stack(0x000000a076000000,0x000000a076100000)]
  0x00000220a6aa8000 JavaThread "Attach Listener" daemon [_thread_blocked, id=12860, stack(0x000000a075f00000,0x000000a076000000)]
  0x00000220a635a800 JavaThread "Finalizer" daemon [_thread_blocked, id=24920, stack(0x000000a075d00000,0x000000a075e00000)]
  0x00000220a6a86000 JavaThread "Reference Handler" daemon [_thread_blocked, id=16584, stack(0x000000a075c00000,0x000000a075d00000)]
  0x00000220928b7000 JavaThread "Main Thread" [_thread_blocked, id=10496, stack(0x000000a075600000,0x000000a075700000)]

Other Threads:
=>0x00000220a6a64800 VMThread [stack: 0x000000a075b00000,0x000000a075c00000] [id=16884]

VM state:at safepoint (shutting down)

VM Mutex/Monitor currently owned by a thread:  ([mutex/lock_event])
[0x00000220928b0fa0] Threads_lock - owner thread: 0x00000220a6a64800

heap address: 0x00000000c2c00000, size: 980 MB, Compressed Oops mode: 32-bit
Narrow klass base: 0x0000000000000000, Narrow klass shift: 3
Compressed class space size: 1073741824 Address: 0x0000000100000000

Heap:
 PSYoungGen      total 107520K, used 40518K [0x00000000eb980000, 0x00000000f3d80000, 0x0000000100000000)
  eden space 80384K, 29% used [0x00000000eb980000,0x00000000ed0ab190,0x00000000f0800000)
  from space 27136K, 61% used [0x00000000f0800000,0x00000000f1866748,0x00000000f2280000)
  to   space 26624K, 0% used [0x00000000f2380000,0x00000000f2380000,0x00000000f3d80000)
 ParOldGen       total 130048K, used 87517K [0x00000000c2c00000, 0x00000000cab00000, 0x00000000eb980000)
  object space 130048K, 67% used [0x00000000c2c00000,0x00000000c81777f8,0x00000000cab00000)
 Metaspace       used 14687K, capacity 14829K, committed 14976K, reserved 1062912K
  class space    used 1550K, capacity 1605K, committed 1664K, reserved 1048576K

Card table byte_map: [0x00000220a3690000,0x00000220a3880000] byte_map_base: 0x00000220a307a000

Marking Bits: (ParMarkBitMap*) 0x00007ffb188d6040
 Begin Bits: [0x00000220a39d0000, 0x00000220a4920000)
 End Bits:   [0x00000220a4920000, 0x00000220a5870000)

Polling page: 0x0000022092a10000

CodeCache: size=245760Kb used=5948Kb max_used=6092Kb free=239811Kb
 bounds [0x00000220942d0000, 0x00000220948e0000, 0x00000220a32d0000]
 total_blobs=2206 nmethods=1537 adapters=583
 compilation: enabled

Compilation events (10 events):
Event: 46.495 Thread 0x00000220a6ace800 1779       3       net.oikmo.engine.gui.component.slick.button.GuiButton::tick (255 bytes)
Event: 46.499 Thread 0x00000220a6ace800 nmethod 1779 0x000002209468de10 code [0x000002209468e0a0, 0x000002209468f360]
Event: 46.516 Thread 0x00000220a6ab4000 nmethod 1778 0x0000022094662110 code [0x0000022094662340, 0x0000022094662ba0]
Event: 46.519 Thread 0x00000220a6aac000 nmethod 1777 0x000002209466d110 code [0x000002209466d360, 0x000002209466dbe0]
Event: 46.647 Thread 0x00000220a6ab4000 1780   !   4       org.lwjgl.input.Mouse::getY (17 bytes)
Event: 46.650 Thread 0x00000220a6ab4000 nmethod 1780 0x000002209473f610 code [0x000002209473f760, 0x000002209473f978]
Event: 46.942 Thread 0x00000220a6ace800 1781       3       java.nio.ByteBuffer::arrayOffset (35 bytes)
Event: 46.942 Thread 0x00000220a6ace800 nmethod 1781 0x0000022094726bd0 code [0x0000022094726d60, 0x0000022094727080]
Event: 46.961 Thread 0x00000220a6ace800 1782  s    3       java.util.Hashtable::containsKey (65 bytes)
Event: 46.962 Thread 0x00000220a6ace800 nmethod 1782 0x00000220946b3a90 code [0x00000220946b3c20, 0x00000220946b4260]

GC Heap History (10 events):
Event: 42.389 GC heap before
{Heap before GC invocations=47 (full 2):
 PSYoungGen      total 104960K, used 94053K [0x00000000eb980000, 0x00000000f3c00000, 0x0000000100000000)
  eden space 77312K, 100% used [0x00000000eb980000,0x00000000f0500000,0x00000000f0500000)
  from space 27648K, 60% used [0x00000000f2100000,0x00000000f31597e8,0x00000000f3c00000)
  to   space 28160K, 0% used [0x00000000f0500000,0x00000000f0500000,0x00000000f2080000)
 ParOldGen       total 130048K, used 87341K [0x00000000c2c00000, 0x00000000cab00000, 0x00000000eb980000)
  object space 130048K, 67% used [0x00000000c2c00000,0x00000000c814b650,0x00000000cab00000)
 Metaspace       used 14620K, capacity 14829K, committed 14976K, reserved 1062912K
  class space    used 1541K, capacity 1605K, committed 1664K, reserved 1048576K
Event: 42.433 GC heap after
Heap after GC invocations=47 (full 2):
 PSYoungGen      total 105472K, used 16708K [0x00000000eb980000, 0x00000000f3d80000, 0x0000000100000000)
  eden space 77312K, 0% used [0x00000000eb980000,0x00000000eb980000,0x00000000f0500000)
  from space 28160K, 59% used [0x00000000f0500000,0x00000000f1551328,0x00000000f2080000)
  to   space 28160K, 0% used [0x00000000f2200000,0x00000000f2200000,0x00000000f3d80000)
 ParOldGen       total 130048K, used 87373K [0x00000000c2c00000, 0x00000000cab00000, 0x00000000eb980000)
  object space 130048K, 67% used [0x00000000c2c00000,0x00000000c8153650,0x00000000cab00000)
 Metaspace       used 14620K, capacity 14829K, committed 14976K, reserved 1062912K
  class space    used 1541K, capacity 1605K, committed 1664K, reserved 1048576K
}
Event: 43.485 GC heap before
{Heap before GC invocations=48 (full 2):
 PSYoungGen      total 105472K, used 94020K [0x00000000eb980000, 0x00000000f3d80000, 0x0000000100000000)
  eden space 77312K, 100% used [0x00000000eb980000,0x00000000f0500000,0x00000000f0500000)
  from space 28160K, 59% used [0x00000000f0500000,0x00000000f1551328,0x00000000f2080000)
  to   space 28160K, 0% used [0x00000000f2200000,0x00000000f2200000,0x00000000f3d80000)
 ParOldGen       total 130048K, used 87373K [0x00000000c2c00000, 0x00000000cab00000, 0x00000000eb980000)
  object space 130048K, 67% used [0x00000000c2c00000,0x00000000c8153650,0x00000000cab00000)
 Metaspace       used 14620K, capacity 14829K, committed 14976K, reserved 1062912K
  class space    used 1541K, capacity 1605K, committed 1664K, reserved 1048576K
Event: 43.516 GC heap after
Heap after GC invocations=48 (full 2):
 PSYoungGen      total 105984K, used 16763K [0x00000000eb980000, 0x00000000f3c80000, 0x0000000100000000)
  eden space 78848K, 0% used [0x00000000eb980000,0x00000000eb980000,0x00000000f0680000)
  from space 27136K, 61% used [0x00000000f2200000,0x00000000f325ef60,0x00000000f3c80000)
  to   space 27648K, 0% used [0x00000000f0680000,0x00000000f0680000,0x00000000f2180000)
 ParOldGen       total 130048K, used 87413K [0x00000000c2c00000, 0x00000000cab00000, 0x00000000eb980000)
  object space 130048K, 67% used [0x00000000c2c00000,0x00000000c815d650,0x00000000cab00000)
 Metaspace       used 14620K, capacity 14829K, committed 14976K, reserved 1062912K
  class space    used 1541K, capacity 1605K, committed 1664K, reserved 1048576K
}
Event: 44.631 GC heap before
{Heap before GC invocations=49 (full 2):
 PSYoungGen      total 105984K, used 95464K [0x00000000eb980000, 0x00000000f3c80000, 0x0000000100000000)
  eden space 78848K, 99% used [0x00000000eb980000,0x00000000f065b108,0x00000000f0680000)
  from space 27136K, 61% used [0x00000000f2200000,0x00000000f325ef60,0x00000000f3c80000)
  to   space 27648K, 0% used [0x00000000f0680000,0x00000000f0680000,0x00000000f2180000)
 ParOldGen       total 130048K, used 87413K [0x00000000c2c00000, 0x00000000cab00000, 0x00000000eb980000)
  object space 130048K, 67% used [0x00000000c2c00000,0x00000000c815d650,0x00000000cab00000)
 Metaspace       used 14620K, capacity 14829K, committed 14976K, reserved 1062912K
  class space    used 1541K, capacity 1605K, committed 1664K, reserved 1048576K
Event: 44.670 GC heap after
Heap after GC invocations=49 (full 2):
 PSYoungGen      total 106496K, used 17419K [0x00000000eb980000, 0x00000000f3e00000, 0x0000000100000000)
  eden space 78848K, 0% used [0x00000000eb980000,0x00000000eb980000,0x00000000f0680000)
  from space 27648K, 63% used [0x00000000f0680000,0x00000000f1782ce8,0x00000000f2180000)
  to   space 27648K, 0% used [0x00000000f2300000,0x00000000f2300000,0x00000000f3e00000)
 ParOldGen       total 130048K, used 87445K [0x00000000c2c00000, 0x00000000cab00000, 0x00000000eb980000)
  object space 130048K, 67% used [0x00000000c2c00000,0x00000000c8165650,0x00000000cab00000)
 Metaspace       used 14620K, capacity 14829K, committed 14976K, reserved 1062912K
  class space    used 1541K, capacity 1605K, committed 1664K, reserved 1048576K
}
Event: 45.681 GC heap before
{Heap before GC invocations=50 (full 2):
 PSYoungGen      total 106496K, used 96267K [0x00000000eb980000, 0x00000000f3e00000, 0x0000000100000000)
  eden space 78848K, 100% used [0x00000000eb980000,0x00000000f0680000,0x00000000f0680000)
  from space 27648K, 63% used [0x00000000f0680000,0x00000000f1782ce8,0x00000000f2180000)
  to   space 27648K, 0% used [0x00000000f2300000,0x00000000f2300000,0x00000000f3e00000)
 ParOldGen       total 130048K, used 87445K [0x00000000c2c00000, 0x00000000cab00000, 0x00000000eb980000)
  object space 130048K, 67% used [0x00000000c2c00000,0x00000000c8165650,0x00000000cab00000)
 Metaspace       used 14622K, capacity 14829K, committed 14976K, reserved 1062912K
  class space    used 1541K, capacity 1605K, committed 1664K, reserved 1048576K
Event: 45.712 GC heap after
Heap after GC invocations=50 (full 2):
 PSYoungGen      total 107008K, used 16755K [0x00000000eb980000, 0x00000000f3d00000, 0x0000000100000000)
  eden space 80384K, 0% used [0x00000000eb980000,0x00000000eb980000,0x00000000f0800000)
  from space 26624K, 62% used [0x00000000f2300000,0x00000000f335ccf8,0x00000000f3d00000)
  to   space 27136K, 0% used [0x00000000f0800000,0x00000000f0800000,0x00000000f2280000)
 ParOldGen       total 130048K, used 87469K [0x00000000c2c00000, 0x00000000cab00000, 0x00000000eb980000)
  object space 130048K, 67% used [0x00000000c2c00000,0x00000000c816b650,0x00000000cab00000)
 Metaspace       used 14622K, capacity 14829K, committed 14976K, reserved 1062912K
  class space    used 1541K, capacity 1605K, committed 1664K, reserved 1048576K
}
Event: 46.694 GC heap before
{Heap before GC invocations=51 (full 2):
 PSYoungGen      total 107008K, used 97139K [0x00000000eb980000, 0x00000000f3d00000, 0x0000000100000000)
  eden space 80384K, 100% used [0x00000000eb980000,0x00000000f0800000,0x00000000f0800000)
  from space 26624K, 62% used [0x00000000f2300000,0x00000000f335ccf8,0x00000000f3d00000)
  to   space 27136K, 0% used [0x00000000f0800000,0x00000000f0800000,0x00000000f2280000)
 ParOldGen       total 130048K, used 87469K [0x00000000c2c00000, 0x00000000cab00000, 0x00000000eb980000)
  object space 130048K, 67% used [0x00000000c2c00000,0x00000000c816b650,0x00000000cab00000)
 Metaspace       used 14669K, capacity 14829K, committed 14976K, reserved 1062912K
  class space    used 1546K, capacity 1605K, committed 1664K, reserved 1048576K
Event: 46.733 GC heap after
Heap after GC invocations=51 (full 2):
 PSYoungGen      total 107520K, used 16793K [0x00000000eb980000, 0x00000000f3d80000, 0x0000000100000000)
  eden space 80384K, 0% used [0x00000000eb980000,0x00000000eb980000,0x00000000f0800000)
  from space 27136K, 61% used [0x00000000f0800000,0x00000000f1866748,0x00000000f2280000)
  to   space 26624K, 0% used [0x00000000f2380000,0x00000000f2380000,0x00000000f3d80000)
 ParOldGen       total 130048K, used 87517K [0x00000000c2c00000, 0x00000000cab00000, 0x00000000eb980000)
  object space 130048K, 67% used [0x00000000c2c00000,0x00000000c81777f8,0x00000000cab00000)
 Metaspace       used 14669K, capacity 14829K, committed 14976K, reserved 1062912K
  class space    used 1546K, capacity 1605K, committed 1664K, reserved 1048576K
}

Deoptimization events (10 events):
Event: 45.974 Thread 0x00000220928b7000 Uncommon trap: reason=speculate_class_check action=maybe_recompile pc=0x00000220948b14f8 method=java.lang.Object.toString()Ljava/lang/String; @ 23
Event: 45.979 Thread 0x00000220928b7000 Uncommon trap: reason=bimorphic action=maybe_recompile pc=0x00000220948d1f00 method=net.oikmo.engine.gui.GuiScreen.update()V @ 9
Event: 45.981 Thread 0x00000220928b7000 Uncommon trap: reason=unstable_if action=reinterpret pc=0x000002209463b4ac method=java.nio.DirectByteBuffer.put([BII)Ljava/nio/ByteBuffer; @ 8
Event: 45.983 Thread 0x00000220928b7000 Uncommon trap: reason=null_check action=make_not_entrant pc=0x00000220948661e4 method=org.newdawn.slick.UnicodeFont.drawDisplayList(FFLjava/lang/String;Lorg/newdawn/slick/Color;II)Lorg/newdawn/slick/UnicodeFont$DisplayList; @ 153
Event: 45.988 Thread 0x00000220928b7000 Uncommon trap: reason=unstable_if action=reinterpret pc=0x000002209460d7f8 method=java.util.LinkedHashMap.afterNodeAccess(Ljava/util/HashMap$Node;)V @ 14
Event: 45.988 Thread 0x00000220928b7000 Uncommon trap: reason=bimorphic action=maybe_recompile pc=0x00000220948d1f00 method=net.oikmo.engine.gui.GuiScreen.update()V @ 9
Event: 45.990 Thread 0x00000220928b7000 Uncommon trap: reason=bimorphic action=maybe_recompile pc=0x00000220948d1f00 method=net.oikmo.engine.gui.GuiScreen.update()V @ 9
Event: 45.992 Thread 0x00000220928b7000 Uncommon trap: reason=bimorphic action=maybe_recompile pc=0x00000220948d1f00 method=net.oikmo.engine.gui.GuiScreen.update()V @ 9
Event: 46.958 Thread 0x00000220928b7000 Uncommon trap: reason=unstable_if action=reinterpret pc=0x0000022094689718 method=org.lwjgl.opengl.WindowsDisplay.update()V @ 7
Event: 46.975 Thread 0x00000220928b7000 Uncommon trap: reason=unstable_if action=reinterpret pc=0x00000220943d2a44 method=org.lwjgl.opengl.WindowsDisplay.update()V @ 7

Classes redefined (0 events):
No events

Internal exceptions (10 events):
Event: 4.573 Thread 0x00000220a82be800 Exception <a 'java/security/PrivilegedActionException'> (0x00000000ec685ba8) thrown at [C:\jenkins\workspace\8-2-build-windows-x64-cygwin-sans-NAS\jdk8u381\237\hotspot\src\share\vm\prims\jvm.cpp, line 1513]
Event: 4.573 Thread 0x00000220a82be800 Exception <a 'java/security/PrivilegedActionException'> (0x00000000ec686800) thrown at [C:\jenkins\workspace\8-2-build-windows-x64-cygwin-sans-NAS\jdk8u381\237\hotspot\src\share\vm\prims\jvm.cpp, line 1513]
Event: 4.573 Thread 0x00000220a82be800 Exception <a 'java/security/PrivilegedActionException'> (0x00000000ec687428) thrown at [C:\jenkins\workspace\8-2-build-windows-x64-cygwin-sans-NAS\jdk8u381\237\hotspot\src\share\vm\prims\jvm.cpp, line 1513]
Event: 4.956 Thread 0x00000220a82be800 Exception <a 'java/lang/InterruptedException': sleep interrupted> (0x00000000ec6c8698) thrown at [C:\jenkins\workspace\8-2-build-windows-x64-cygwin-sans-NAS\jdk8u381\237\hotspot\src\share\vm\prims\jvm.cpp, line 3359]
Event: 4.957 Thread 0x00000220a82be800 Exception <a 'java/lang/InterruptedException': sleep interrupted> (0x00000000ec6c88f0) thrown at [C:\jenkins\workspace\8-2-build-windows-x64-cygwin-sans-NAS\jdk8u381\237\hotspot\src\share\vm\prims\jvm.cpp, line 3359]
Event: 4.971 Thread 0x00000220a82be800 Exception <a 'java/lang/InterruptedException': sleep interrupted> (0x00000000ec6c8b48) thrown at [C:\jenkins\workspace\8-2-build-windows-x64-cygwin-sans-NAS\jdk8u381\237\hotspot\src\share\vm\prims\jvm.cpp, line 3359]
Event: 19.559 Thread 0x00000220a82be800 Exception <a 'java/lang/InterruptedException': sleep interrupted> (0x00000000ed775630) thrown at [C:\jenkins\workspace\8-2-build-windows-x64-cygwin-sans-NAS\jdk8u381\237\hotspot\src\share\vm\prims\jvm.cpp, line 3359]
Event: 19.809 Thread 0x00000220a82bf800 Exception <a 'java/lang/InterruptedException': sleep interrupted> (0x00000000ee6c7bd0) thrown at [C:\jenkins\workspace\8-2-build-windows-x64-cygwin-sans-NAS\jdk8u381\237\hotspot\src\share\vm\prims\jvm.cpp, line 3359]
Event: 20.218 Thread 0x00000220a82bf800 Exception <a 'java/lang/InterruptedException': sleep interrupted> (0x00000000ebea12c8) thrown at [C:\jenkins\workspace\8-2-build-windows-x64-cygwin-sans-NAS\jdk8u381\237\hotspot\src\share\vm\prims\jvm.cpp, line 3311]
Event: 45.983 Thread 0x00000220928b7000 Implicit null exception at 0x0000022094865e0e to 0x00000220948661c2

Events (10 events):
Event: 46.959 Executing VM operation: RevokeBias done
Event: 46.963 Thread 0x00000220a774e000 Thread exited: 0x00000220a774e000
Event: 46.975 Thread 0x00000220928b7000 Uncommon trap: trap_request=0xffffff65 fr.pc=0x00000220943d2a44
Event: 46.975 Thread 0x00000220928b7000 DEOPT PACKING pc=0x00000220943d2a44 sp=0x000000a0756ff6d0
Event: 46.975 Thread 0x00000220928b7000 DEOPT UNPACKING pc=0x00000220943158c3 sp=0x000000a0756ff670 mode 2
Event: 46.992 Thread 0x00000220a8184800 Thread exited: 0x00000220a8184800
Event: 47.001 Thread 0x00000220a79ef800 Thread exited: 0x00000220a79ef800
Event: 47.052 Thread 0x00000220a7d73800 Thread exited: 0x00000220a7d73800
Event: 47.052 Thread 0x00000220a6aa7000 Thread exited: 0x00000220a6aa7000
Event: 47.052 Executing VM operation: Exit


Dynamic libraries:
0x00007ff751570000 - 0x00007ff7515ba000 	C:\Program Files\Java\jdk-1.8\bin\javaw.exe
0x00007ffb69130000 - 0x00007ffb69328000 	C:\Windows\SYSTEM32\ntdll.dll
0x00007ffb68e90000 - 0x00007ffb68f4d000 	C:\Windows\System32\KERNEL32.DLL
0x00007ffb66d00000 - 0x00007ffb66ff6000 	C:\Windows\System32\KERNELBASE.dll
0x00007ffb67650000 - 0x00007ffb67700000 	C:\Windows\System32\ADVAPI32.dll
0x00007ffb68550000 - 0x00007ffb685ee000 	C:\Windows\System32\msvcrt.dll
0x00007ffb68df0000 - 0x00007ffb68e90000 	C:\Windows\System32\sechost.dll
0x00007ffb67f20000 - 0x00007ffb68043000 	C:\Windows\System32\RPCRT4.dll
0x00007ffb67130000 - 0x00007ffb67157000 	C:\Windows\System32\bcrypt.dll
0x00007ffb683b0000 - 0x00007ffb6854f000 	C:\Windows\System32\USER32.dll
0x00007ffb67100000 - 0x00007ffb67122000 	C:\Windows\System32\win32u.dll
0x00007ffb68dc0000 - 0x00007ffb68deb000 	C:\Windows\System32\GDI32.dll
0x00007ffb66af0000 - 0x00007ffb66c07000 	C:\Windows\System32\gdi32full.dll
0x00007ffb66c60000 - 0x00007ffb66cfd000 	C:\Windows\System32\msvcp_win.dll
0x00007ffb669f0000 - 0x00007ffb66af0000 	C:\Windows\System32\ucrtbase.dll
0x00007ffb4b920000 - 0x00007ffb4bbba000 	C:\Windows\WinSxS\amd64_microsoft.windows.common-controls_6595b64144ccf1df_6.0.19041.3636_none_60b6a03d71f818d5\COMCTL32.dll
0x00007ffb677b0000 - 0x00007ffb677e2000 	C:\Windows\System32\IMM32.DLL
0x00007ffb59820000 - 0x00007ffb5983b000 	C:\Program Files\Java\jdk-1.8\jre\bin\vcruntime140.dll
0x00007ffb59a00000 - 0x00007ffb59a0c000 	C:\Program Files\Java\jdk-1.8\jre\bin\vcruntime140_1.dll
0x00007ffb3b3b0000 - 0x00007ffb3b43e000 	C:\Program Files\Java\jdk-1.8\jre\bin\msvcp140.dll
0x00007ffb180a0000 - 0x00007ffb18950000 	C:\Program Files\Java\jdk-1.8\jre\bin\server\jvm.dll
0x00007ffb69080000 - 0x00007ffb69088000 	C:\Windows\System32\PSAPI.DLL
0x00007ffb4bbc0000 - 0x00007ffb4bbc9000 	C:\Windows\SYSTEM32\WSOCK32.dll
0x00007ffb67eb0000 - 0x00007ffb67f1b000 	C:\Windows\System32\WS2_32.dll
0x00007ffb4e900000 - 0x00007ffb4e927000 	C:\Windows\SYSTEM32\WINMM.dll
0x00007ffb5ca50000 - 0x00007ffb5ca5a000 	C:\Windows\SYSTEM32\VERSION.dll
0x00007ffb65000000 - 0x00007ffb65012000 	C:\Windows\SYSTEM32\kernel.appcore.dll
0x00007ffb59470000 - 0x00007ffb59480000 	C:\Program Files\Java\jdk-1.8\jre\bin\verify.dll
0x00007ffb4b0d0000 - 0x00007ffb4b0fb000 	C:\Program Files\Java\jdk-1.8\jre\bin\java.dll
0x00007ffb4b0b0000 - 0x00007ffb4b0c8000 	C:\Program Files\Java\jdk-1.8\jre\bin\zip.dll
0x00007ffb68650000 - 0x00007ffb68dbb000 	C:\Windows\System32\SHELL32.dll
0x00007ffb644a0000 - 0x00007ffb64c3e000 	C:\Windows\SYSTEM32\windows.storage.dll
0x00007ffb67950000 - 0x00007ffb67ca3000 	C:\Windows\System32\combase.dll
0x00007ffb661a0000 - 0x00007ffb661ce000 	C:\Windows\SYSTEM32\Wldp.dll
0x00007ffb67de0000 - 0x00007ffb67ead000 	C:\Windows\System32\OLEAUT32.dll
0x00007ffb67700000 - 0x00007ffb677ad000 	C:\Windows\System32\SHCORE.dll
0x00007ffb69090000 - 0x00007ffb690e5000 	C:\Windows\System32\shlwapi.dll
0x00007ffb66710000 - 0x00007ffb66733000 	C:\Windows\SYSTEM32\profapi.dll
0x00007ffb0ac60000 - 0x00007ffb0adde000 	C:\Program Files\Java\jdk-1.8\jre\bin\awt.dll
0x00007ffb63c60000 - 0x00007ffb63cf0000 	C:\Windows\SYSTEM32\apphelp.dll
0x00007ffb640e0000 - 0x00007ffb6410f000 	C:\Windows\system32\DWMAPI.DLL
0x00007ffb63df0000 - 0x00007ffb63e8e000 	C:\Windows\system32\uxtheme.dll
0x00007ffb30610000 - 0x00007ffb30735000 	C:\Windows\system32\opengl32.dll
0x00007ffb305a0000 - 0x00007ffb305cc000 	C:\Windows\SYSTEM32\GLU32.dll
0x00007ffb67cc0000 - 0x00007ffb67dd5000 	C:\Windows\System32\MSCTF.dll
0x00007ffb68f50000 - 0x00007ffb6907b000 	C:\Windows\System32\ole32.dll
0x00007ffb67000000 - 0x00007ffb67082000 	C:\Windows\System32\bcryptPrimitives.dll
0x00007ffb37a50000 - 0x00007ffb37a9f000 	C:\Program Files\Java\jdk-1.8\jre\bin\fontmanager.dll
0x00007ffb66100000 - 0x00007ffb66118000 	C:\Windows\SYSTEM32\CRYPTSP.dll
0x00007ffb657c0000 - 0x00007ffb657f4000 	C:\Windows\system32\rsaenh.dll
0x00007ffb666d0000 - 0x00007ffb666fe000 	C:\Windows\SYSTEM32\USERENV.dll
0x00007ffb660f0000 - 0x00007ffb660fc000 	C:\Windows\SYSTEM32\CRYPTBASE.dll
0x00007ffb42680000 - 0x00007ffb4269c000 	C:\Program Files\Java\jdk-1.8\jre\bin\net.dll
0x00007ffb65f00000 - 0x00007ffb65f6a000 	C:\Windows\system32\mswsock.dll
0x00007ffb65be0000 - 0x00007ffb65c1b000 	C:\Windows\SYSTEM32\IPHLPAPI.DLL
0x00007ffb682f0000 - 0x00007ffb682f8000 	C:\Windows\System32\NSI.dll
0x00007ffb5ba90000 - 0x00007ffb5baa7000 	C:\Windows\SYSTEM32\dhcpcsvc6.DLL
0x00007ffb5b9a0000 - 0x00007ffb5b9bd000 	C:\Windows\SYSTEM32\dhcpcsvc.DLL
0x00007ffb65c20000 - 0x00007ffb65ceb000 	C:\Windows\SYSTEM32\DNSAPI.dll
0x00007ffb3fbd0000 - 0x00007ffb3fbe3000 	C:\Program Files\Java\jdk-1.8\jre\bin\nio.dll
0x00007ffb564b0000 - 0x00007ffb565a9000 	C:\Windows\SYSTEM32\textinputframework.dll
0x00007ffb63410000 - 0x00007ffb6376b000 	C:\Windows\System32\CoreUIComponents.dll
0x00007ffb63770000 - 0x00007ffb63862000 	C:\Windows\System32\CoreMessaging.dll
0x00007ffb65900000 - 0x00007ffb65933000 	C:\Windows\SYSTEM32\ntmarta.dll
0x00007ffb62d40000 - 0x00007ffb62e97000 	C:\Windows\SYSTEM32\wintypes.dll
0x00007ffb5a6a0000 - 0x00007ffb5a706000 	C:\Windows\system32\Oleacc.dll
0x0000000180000000 - 0x0000000180051000 	C:\Users\Oikmo\workspace\BlockBase\libraries\native\windows\lwjgl64.dll
0x00007ffb5dcc0000 - 0x00007ffb5dd6e000 	C:\Windows\SYSTEM32\mscms.dll
0x00007ffb5dc80000 - 0x00007ffb5dc91000 	C:\Windows\SYSTEM32\ColorAdapterClient.dll
0x00007ffb68300000 - 0x00007ffb683a9000 	C:\Windows\System32\clbcatq.dll
0x00007ffb4eec0000 - 0x00007ffb4ef03000 	C:\Windows\System32\Windows.Internal.Graphics.Display.DisplayColorManagement.dll
0x00007ffb66c10000 - 0x00007ffb66c5e000 	C:\Windows\System32\cfgmgr32.dll
0x00007ffb59ee0000 - 0x00007ffb59ee7000 	C:\Program Files\Java\jdk-1.8\jre\bin\jawt.dll
0x00007ffb5bab0000 - 0x00007ffb5bbb3000 	C:\Windows\System32\AppXDeploymentClient.dll
0x00007ffb153d0000 - 0x00007ffb164ea000 	C:\Windows\System32\DriverStore\FileRepository\iigd_dch.inf_amd64_0f12908b4ff13ff7\ig11icd64.dll
0x00007ffb65070000 - 0x00007ffb65163000 	C:\Windows\system32\dxgi.dll
0x00007ffb3a250000 - 0x00007ffb3a37c000 	C:\Windows\System32\DriverStore\FileRepository\iigd_dch.inf_amd64_0f12908b4ff13ff7\igdml64.dll
0x00007ffb53590000 - 0x00007ffb53999000 	C:\Windows\System32\DriverStore\FileRepository\iigd_dch.inf_amd64_0f12908b4ff13ff7\igdgmm64.dll
0x00007ffb4f930000 - 0x00007ffb530c4000 	C:\Windows\System32\DriverStore\FileRepository\iigd_dch.inf_amd64_0f12908b4ff13ff7\igc64.dll
0x00007ffb661f0000 - 0x00007ffb6623b000 	C:\Windows\SYSTEM32\powrprof.dll
0x00007ffb661d0000 - 0x00007ffb661e2000 	C:\Windows\SYSTEM32\UMPDC.dll
0x00007ffb59e90000 - 0x00007ffb59ed3000 	C:\Program Files\Java\jdk-1.8\jre\bin\t2k.dll
0x00007ffb3c2f0000 - 0x00007ffb3c31a000 	C:\Program Files\Java\jdk-1.8\jre\bin\dcpr.dll
0x00000220af270000 - 0x00000220af2d4000 	C:\Users\Oikmo\workspace\BlockBase\libraries\native\windows\OpenAL64.dll
0x00007ffb5a880000 - 0x00007ffb5a905000 	C:\Windows\System32\MMDevApi.dll
0x00007ffb66570000 - 0x00007ffb665a3000 	C:\Windows\System32\DEVOBJ.dll
0x00007ffb23cf0000 - 0x00007ffb23d8c000 	C:\Windows\SYSTEM32\dsound.dll
0x00007ffb4b180000 - 0x00007ffb4b1a6000 	C:\Windows\SYSTEM32\winmmbase.dll
0x00007ffb5a910000 - 0x00007ffb5aa92000 	C:\Windows\SYSTEM32\AUDIOSES.DLL
0x00007ffb63ed0000 - 0x00007ffb63ee4000 	C:\Windows\SYSTEM32\resourcepolicyclient.dll
0x00007ffb64d10000 - 0x00007ffb64ef4000 	C:\Windows\SYSTEM32\dbghelp.dll

VM Arguments:
jvm_args: -Djava.library.path=C:\Users\Oikmo\workspace\BlockBase\libraries\native\windows -Dfile.encoding=windows-1252 
java_command: net.oikmo.main.Main
java_class_path (initial): C:\Users\Oikmo\workspace\BlockBase\bin;C:\Users\Oikmo\workspace\BlockBase\libraries\jar\commons-io-2.11.0.jar;C:\Users\Oikmo\workspace\BlockBase\libraries\jar\lwjgl.jar;C:\Users\Oikmo\workspace\BlockBase\libraries\jar\PNGDecoder.jar;C:\Users\Oikmo\workspace\BlockBase\libraries\jar\soundsystem.jar;C:\Users\Oikmo\workspace\BlockBase\libraries\jar\ss-codecs.jar;C:\Users\Oikmo\workspace\BlockBase\libraries\jar\ss-libraries.jar;C:\Users\Oikmo\workspace\BlockBase\libraries\jar\jaudiotagger-3.0.1.jar;C:\Users\Oikmo\workspace\BlockBase\libraries\jar\slick.jar
Launcher Type: SUN_STANDARD

Environment Variables:
JAVA_HOME=C:\Program Files\Java\jdk-1.8
PATH=C:\Windows\system32;C:\Windows;C:\Windows\System32\Wbem;C:\Windows\System32\WindowsPowerShell\v1.0\;C:\Windows\System32\OpenSSH\;C:\Program Files\WezTerm;C:\Program Files\Git\cmd;C:\Program Files (x86)\Windows Kits\10\Windows Performance Toolkit\;C:\Program Files\dotnet\;C:\Program Files\Go\bin;C:\Program Files\Java\jdk-1.8\bin\;C:\Program Files (x86)\eID_klient\;C:\Program Files (x86)\eID_klient\redist_x64\;C:\Users\Oikmo\AppData\Local\Programs\Python\Python310\Scripts\;C:\Users\Oikmo\AppData\Local\Programs\Python\Python310\;C:\Users\Oikmo\AppData\Local\Programs\Python\Python311\Scripts\;C:\Users\Oikmo\AppData\Local\Programs\Python\Python311\;C:\Users\Oikmo\AppData\Local\Microsoft\WindowsApps;C:\Program Files\Java\jdk-1.8\bin;C:\Users\Oikmo\AppData\Local\GitHubDesktop\bin;C:\Program Files\Vim\vim90;C:\MinGW\bin;C:\Users\Oikmo\AppData\Local\bin\NASM;C:\make\bin;C:\Program Files\qemu;C:\Users\Oikmo\AppData\Local\Programs\Microsoft VS Code\bin;C://UnLockCatch/tools/vcruntime;C:\Users\Oikmo\.dotnet\tools;C:\Users\Oikmo\go\bin;C:\ffmpeg;
USERNAME=Oikmo
OS=Windows_NT
PROCESSOR_IDENTIFIER=Intel64 Family 6 Model 156 Stepping 0, GenuineIntel



---------------  S Y S T E M  ---------------

OS: Windows 10 , 64 bit Build 19041 (10.0.19041.3636)

CPU:total 4 (initial active 4) (4 cores per cpu, 1 threads per core) family 6 model 156 stepping 0, cmov, cx8, fxsr, mmx, sse, sse2, sse3, ssse3, sse4.1, sse4.2, popcnt, aes, clmul, erms, 3dnowpref, tsc, tscinvbit

Memory: 4k page, physical 4008632k(392340k free), swap 10868216k(2013788k free)

vm_info: Java HotSpot(TM) 64-Bit Server VM (25.381-b09) for windows-amd64 JRE (1.8.0_381-b09), built on Jun 14 2023 13:50:38 by "java_re" with MS VC++ 17.1 (VS2022)

time: Sun Apr 14 22:27:18 2024
timezone: GMT Summer Time
elapsed time: 47.235153 seconds (0d 0h 0m 47s)

